        -:    0:Source:cardtest3.c
        -:    0:Graph:cardtest3.gcno
        -:    0:Data:cardtest3.gcda
        -:    0:Runs:1
        -:    0:Programs:1
        -:    1:/************************************************
        -:    2: * Name: Molly Arwood
        -:    3: * Date: 10-11-17
        -:    4: * Class: CS_362_SE2
        -:    5: * cardtest1.c - Great Hall Test
        -:    6:************************************************/
        -:    7:
        -:    8:
        -:    9:#include "dominion.h"
        -:   10:#include "dominion_helpers.h"
        -:   11:#include <string.h>
        -:   12:#include <stdio.h>
        -:   13:#include <assert.h>
        -:   14:#include "rngs.h"
        -:   15:#include <stdlib.h>
        -:   16:#include <time.h>
        -:   17:
        -:   18://constants and prototypes
        -:   19:#define TESTCARD = "great_hall"
        -:   20:int structComparer(struct gameState *, struct gameState *, int);
        -:   21:
        -:   22:
        -:   23:
        -:   24:
        1:   25:int main() {
        -:   26:
        -:   27:	/*********************************************
        -:   28:	//Initial Setup
        -:   29:	*********************************************/
        -:   30:	struct gameState G;
        -:   31:	struct gameState Gconst;
        1:   32:	srand(time(NULL));
        1:   33:	int r = rand() % 100000000;
        1:   34:	int numPlayers = 2;
        1:   35:	int coin_bonus = 0;	
        1:   36:	int i = 0;
        1:   37:	int k[10] = {adventurer, great_hall, council_room, village, minion, mine, 
        -:   38:		   		cutpurse, sea_hag, tribute, smithy};
        -:   39:
        -:   40:	//initialize game
        1:   41:	initializeGame(numPlayers, k, r, &G);
        1:   42:	memcpy(&Gconst, &G, sizeof(struct gameState));
        1:   43:	printf("\n\n-------------Testing Great Hall--------------\n\n");
        -:   44:
        -:   45:
        -:   46:
        -:   47:	/*********************************************
        -:   48:	//variables before great hall played
        -:   49:	*********************************************/
        1:   50:	int currPlayer = whoseTurn(&G);
        1:   51:	int numActions = G.numActions;
        1:   52:	int cardsInHand = G.handCount[currPlayer];
        1:   53:	int deckCount = G.deckCount[currPlayer];
        1:   54:	int victorySupply[3] = {G.supplyCount[1], G.supplyCount[2], G.supplyCount[3]};
        -:   55:	int kingdomSupply[20];
       21:   56:	for (i = 0; i < 20; i++) {
       20:   57:		kingdomSupply[i] = G.supplyCount[i+7];
        -:   58:	}
        -:   59:
        -:   60:
        -:   61:	//play great hall card
        1:   62:	cardEffect(great_hall, -1, -1, -1, &G, 0, &coin_bonus);
        -:   63:
        -:   64:
        -:   65:	/********************************************
        -:   66:	//variables after great hall played
        -:   67:	********************************************/
        -:   68:	//hand count stays same (one discarded and one drawn)
        1:   69:	if (G.handCount[currPlayer] == cardsInHand) {
        1:   70:		printf("PASSED: one card drawn to hand \n\n");
        -:   71:	} 
        -:   72:	else {
    #####:   73:		printf("FAILED: one card drawn to hand \n\n");
        -:   74:	}
        -:   75:
        -:   76:
        -:   77:	//deck count decreased (card discarded into separate pile)
        1:   78:	if (G.deckCount[currPlayer] == deckCount - 1) {
        1:   79:		printf("PASSED: deck count decreased by 1\n\n");
        -:   80:	}
        -:   81:	else {
    #####:   82:		printf("FAILED: deck count decreased by 1\n\n");
        -:   83:	}
        -:   84:
        -:   85:
        -:   86:	//player's actions increased by one
        1:   87:	if (G.numActions == numActions + 1) {
        1:   88:		printf("PASSED: number of actions increased by 1\n\n");
        -:   89:	}
        -:   90:	else {
    #####:   91:		printf("FAILED: dnumber of actions increased by 1\n\n");
        -:   92:	}
        -:   93:
        -:   94:
        -:   95:	//checking victory card pile
        1:   96:	int flag = 1;
        4:   97:	for (i = 0; i < sizeof(victorySupply) / sizeof(int); i++) {
        3:   98:		if (victorySupply[i] != G.supplyCount[i+1]) {
    #####:   99:			flag = 0;
        -:  100:		}
        -:  101:	}
        1:  102:	if (flag) {
        1:  103:		printf("PASSED: victory cards unchanged\n\n");
        -:  104:	}
        -:  105:	else {
    #####:  106:		printf("FAILED: victory cards unchanged\n\n");
        -:  107:	}
        -:  108:
        -:  109:
        -:  110:	//checking kingdom card pile
        1:  111:	flag = 1;
       21:  112:	for (i = 0; i < sizeof(kingdomSupply) / sizeof(int); i++) {
       20:  113:		if (kingdomSupply[i] != G.supplyCount[i+7]) {
    #####:  114:			flag = 0;
        -:  115:		}
        -:  116:	}
        1:  117:	if (flag) {
        1:  118:		printf("PASSED: kingdom cards unchanged\n\n");
        -:  119:	}
        -:  120:	else {
    #####:  121:		printf("FAILED: kingdom cards unchanged\n\n");
        -:  122:	}
        -:  123:
        -:  124:
        -:  125:	//checking other player's state
        1:  126:	currPlayer = whoseTurn(&G) + 1;
        -:  127:
        1:  128:	int flag2 = structComparer(&Gconst, &G, currPlayer);
        1:  129:	if (flag2 == 1) {
        1:  130:		printf("PASSED: other player's handCount unchanged\n\n");
        1:  131:		printf("PASSED: other player's deck unchanged\n\n");
        1:  132:		printf("PASSED: other player's discard count unchanged\n\n");
        -:  133:	}
        -:  134:
        -:  135:
        -:  136:
        1:  137:	printf("\n\n");
        -:  138:
        -:  139:
        -:  140:
        1:  141:	return 0;
        -:  142:}
        -:  143:
        -:  144:
        1:  145:int structComparer(struct gameState *state1, struct gameState *state2, int player2) {
        1:  146:	int i = 0;
        1:  147:	int flag = 1;
        -:  148:
        -:  149:
        -:  150:	//handCount comparison
        1:  151:	if (state1->handCount[player2] != state2->handCount[player2]) {
    #####:  152:		flag = 0;
    #####:  153:		printf("FAILED ohter player's handCount altered\n");
        -:  154:	}
        -:  155:	
        -:  156:	//deck comparision
        1:  157:	if (state1->deckCount[player2] != state2->deckCount[player2]) {
    #####:  158:		printf("state1: %d \t state2: %d \n", state1->deckCount[player2], state2->deckCount[player2]);
    #####:  159:		flag = 0;
    #####:  160:		printf("FAILED: other player's deckCount altered\n");
        -:  161:	}
        -:  162:
        -:  163:	//discard count
        1:  164:	if (state1->discardCount[player2] != state2->discardCount[player2]) {
    #####:  165:		flag = 0;
    #####:  166:		printf("FAILED: other player's discardCount altered\n");
        -:  167:	}
        -:  168:
        1:  169:	return flag;
        -:  170:}
