        -:    0:Source:unittest1.c
        -:    0:Graph:unittest1.gcno
        -:    0:Data:unittest1.gcda
        -:    0:Runs:1
        -:    0:Programs:1
        -:    1:/************************************************
        -:    2: * Name: Molly Arwood
        -:    3: * Date: 10-11-17
        -:    4: * Class: CS_362_SE2
        -:    5: * unittest1.c - gainCard Test
        -:    6:************************************************/
        -:    7:
        -:    8:
        -:    9:#include "dominion.h"
        -:   10:#include "dominion_helpers.h"
        -:   11:#include <string.h>
        -:   12:#include <stdio.h>
        -:   13:#include <assert.h>
        -:   14:#include "rngs.h"
        -:   15:#include <stdlib.h>
        -:   16:#include <time.h>
        -:   17:
        -:   18://constants and prototypes
        -:   19:void supplyCheck(int cardSupply[], int cardChosen[], struct gameState *G);
        -:   20:
        -:   21:
        -:   22:
function main called 1 returned 100% blocks executed 83%
        1:   23:int main() {
        -:   24:
        -:   25:	/*********************************************
        -:   26:	//Initial Setup
        -:   27:	*********************************************/
        -:   28:	struct gameState G;
        1:   29:	srand(time(NULL));
call    0 returned 100%
call    1 returned 100%
        1:   30:	int r = rand() % 100000000;
call    0 returned 100%
        1:   31:	int numPlayers = 2;
        1:   32:	int coin_bonus = 0;	
        1:   33:	int i = 0;
        1:   34:	int j = 0;
        1:   35:	int k[10] = {adventurer, great_hall, council_room, village, minion, mine, 
        -:   36:		   		cutpurse, sea_hag, treasure_map, smithy};
        -:   37:
        -:   38:	//initialize game
        1:   39:	initializeGame(numPlayers, k, r, &G);
call    0 returned 100%
        1:   40:	printf("\n\n-------------Testing gainCard--------------\n\n");
call    0 returned 100%
        -:   41:
        -:   42:	/*********************************************
        -:   43:	//variables setup for tests
        -:   44:	*********************************************/
        1:   45:	int cardChosen[5] = {0, 1, 4, 7, 26};
        1:   46:	int toFlag[5] = {0, 1, 2, -1, 5};
        1:   47:	int currPlayer = whoseTurn(&G);
call    0 returned 100%
        -:   48:	int funcReturn[5];
        1:   49:	int errFlag = 0;
        1:   50:	int cardsInHand = G.handCount[currPlayer];
        1:   51:	int deckCount = G.deckCount[currPlayer];
        1:   52:	int discardCount = G.discardCount[currPlayer];
        4:   53:	int cardSupply[5] = {supplyCount(cardChosen[0], &G), supplyCount(cardChosen[1], &G),
call    0 returned 100%
call    1 returned 100%
        2:   54:						supplyCount(cardChosen[2], &G), supplyCount(cardChosen[3], &G),
call    0 returned 100%
call    1 returned 100%
        1:   55:						supplyCount(cardChosen[4], &G), supplyCount(cardChosen[5], &G)};
call    0 returned 100%
        -:   56:
        -:   57:
        -:   58:	/*********************************************
        -:   59:	//for each card type,  test the different flag options.
        -:   60:	*********************************************/
        -:   61:
        -:   62:	/******** first: toFlag = 0 (to discard) ****************/
        1:   63:	printf("--Testing toFlag == 0 \n\n");
call    0 returned 100%
        6:   64:	for (i = 0; i < 5; i++) {
branch  0 taken 83%
branch  1 taken 17% (fallthrough)
        5:   65:		funcReturn[i] = gainCard(cardChosen[i], &G, toFlag[0], currPlayer);
call    0 returned 100%
        -:   66:	}	
        -:   67:
        -:   68:
        -:   69:	//check for -1 in funcReturn
        6:   70:	for (i = 0; i < sizeof(funcReturn) / sizeof(int); i++) {
branch  0 taken 83%
branch  1 taken 17% (fallthrough)
        5:   71:		if (funcReturn[i] == -1) {
branch  0 taken 0% (fallthrough)
branch  1 taken 100%
    #####:   72:			errFlag = 1;
        -:   73:		}
        -:   74:	}
        1:   75:	if (errFlag) {
branch  0 taken 0% (fallthrough)
branch  1 taken 100%
    #####:   76:		printf("FAILED: function caught card error when no error exists\n\n");
call    0 never executed
        -:   77:	}
        -:   78:	else {
        1:   79:		printf("PASSED: No supplyCount errors caught \n\n");
call    0 returned 100%
        -:   80:	}
        -:   81:
        -:   82:
        -:   83:	//check discard pile after
        1:   84:	if (discardCount < G.discardCount[currPlayer]) {
branch  0 taken 100% (fallthrough)
branch  1 taken 0%
        1:   85:		printf("PASSED: discard count increased to: %d\n\n", G.discardCount[currPlayer]);
call    0 returned 100%
        1:   86:		discardCount = G.discardCount[currPlayer]; //updating for next tests
        -:   87:	}
        -:   88:	else {
    #####:   89:		printf("FAILED: discard count did not increase\n\n");
call    0 never executed
        -:   90:	}
        -:   91:	//check hand pile after
        1:   92:	if (cardsInHand < G.handCount[currPlayer]) {
branch  0 taken 0% (fallthrough)
branch  1 taken 100%
    #####:   93:		printf("FAILED: hand count increased to: %d\n\n", G.handCount[currPlayer]);
call    0 never executed
        -:   94:	}
        -:   95:	else {
        1:   96:		printf("PASSED: hand count did not increase\n\n");
call    0 returned 100%
        -:   97:	}
        -:   98:	//check deck pile after
        1:   99:	if (deckCount < G.deckCount[currPlayer]) {
branch  0 taken 0% (fallthrough)
branch  1 taken 100%
    #####:  100:		printf("FAILED: deck count increased to: %d\n\n", G.deckCount[currPlayer]);
call    0 never executed
        -:  101:	}
        -:  102:	else {
        1:  103:		printf("PASSED: deck count did not increase\n\n");
call    0 returned 100%
        -:  104:	}
        -:  105:
        -:  106:	//check supply of cards
        1:  107:	supplyCheck(cardSupply, cardChosen, &G);
call    0 returned 100%
        -:  108:	
        -:  109:
        -:  110:	/******** second: toFlag = 1 (to deck) ****************/
        1:  111:	printf("--Testing toFlag == 1 \n\n");
call    0 returned 100%
        6:  112:	for (i = 0; i < 5; i++) {
branch  0 taken 83%
branch  1 taken 17% (fallthrough)
        5:  113:		funcReturn[i] = gainCard(cardChosen[i], &G, toFlag[1], currPlayer);
call    0 returned 100%
        -:  114:	}	
        -:  115:
        -:  116:
        -:  117:	//check deck pile after
        1:  118:	if (deckCount < G.deckCount[currPlayer]) {
branch  0 taken 100% (fallthrough)
branch  1 taken 0%
        1:  119:		printf("PASSED: deck count increased to: %d\n\n", G.deckCount[currPlayer]);
call    0 returned 100%
        1:  120:		deckCount = G.deckCount[currPlayer]; //updating for next tests
        -:  121:	}
        -:  122:	else {
    #####:  123:		printf("FAILED: deck count did not increase\n\n");
call    0 never executed
        -:  124:	}
        -:  125:	//check hand pile after
        1:  126:	if (cardsInHand < G.handCount[currPlayer]) {
branch  0 taken 0% (fallthrough)
branch  1 taken 100%
    #####:  127:		printf("FAILED: hand count increased to: %d\n\n", G.handCount[currPlayer]);
call    0 never executed
        -:  128:	}
        -:  129:	else {
        1:  130:		printf("PASSED: hand count did not increase\n\n");
call    0 returned 100%
        -:  131:	}
        -:  132:	//check discard pile after
        1:  133:	if (discardCount < G.discardCount[currPlayer]) {
branch  0 taken 0% (fallthrough)
branch  1 taken 100%
    #####:  134:		printf("FAILED: discard count increased to: %d\n\n", G.discardCount[currPlayer]);
call    0 never executed
        -:  135:	}
        -:  136:	else {
        1:  137:		printf("PASSED: discard count did not increase\n\n");
call    0 returned 100%
        -:  138:	}
        -:  139:
        -:  140:	//check supply of cards
        1:  141:	supplyCheck(cardSupply, cardChosen, &G);
call    0 returned 100%
        -:  142:
        -:  143:
        -:  144:	/******** third: toFlag = 2 (to hand) ****************/
        1:  145:	printf("--Testing toFlag == 2 \n\n");
call    0 returned 100%
        6:  146:	for (i = 0; i < 5; i++) {
branch  0 taken 83%
branch  1 taken 17% (fallthrough)
        5:  147:		funcReturn[i] = gainCard(cardChosen[i], &G, toFlag[2], currPlayer);
call    0 returned 100%
        -:  148:	}	
        -:  149:
        -:  150:
        -:  151:	//check hand pile after
        1:  152:	if (cardsInHand < G.handCount[currPlayer]) {
branch  0 taken 100% (fallthrough)
branch  1 taken 0%
        1:  153:		printf("PASSED: hand count increased to: %d\n\n", G.handCount[currPlayer]);
call    0 returned 100%
        1:  154:		cardsInHand = G.handCount[currPlayer]; //updating for next tests
        -:  155:	}
        -:  156:	else {
    #####:  157:		printf("FAILED: hand count did not increase\n\n");
call    0 never executed
        -:  158:	}
        -:  159:	//check discard pile after
        1:  160:	if (discardCount < G.discardCount[currPlayer]) {
branch  0 taken 0% (fallthrough)
branch  1 taken 100%
    #####:  161:		printf("FAILED: discard count increased to: %d\n\n", G.discardCount[currPlayer]);
call    0 never executed
        -:  162:	}
        -:  163:	else {
        1:  164:		printf("PASSED: discard count did not increase\n\n");
call    0 returned 100%
        -:  165:	}
        -:  166:	//check deck pile after
        1:  167:	if (deckCount < G.deckCount[currPlayer]) {
branch  0 taken 0% (fallthrough)
branch  1 taken 100%
    #####:  168:		printf("FAILED: deck count increased to: %d\n\n", G.deckCount[currPlayer]);
call    0 never executed
        -:  169:	}
        -:  170:	else {
        1:  171:		printf("PASSED: deck count did not increase\n\n");
call    0 returned 100%
        -:  172:	}
        -:  173:
        -:  174:	//check supply of cards
        1:  175:	supplyCheck(cardSupply, cardChosen, &G);
call    0 returned 100%
        -:  176:
        -:  177:
        -:  178:
        -:  179:
        -:  180:	/******** fourth: toFlag = -1 (to discard) ****************/
        1:  181:	printf("--Testing toFlag == -1 \n\n");
call    0 returned 100%
        6:  182:	for (i = 0; i < 5; i++) {
branch  0 taken 83%
branch  1 taken 17% (fallthrough)
        5:  183:		funcReturn[i] = gainCard(cardChosen[i], &G, toFlag[3], currPlayer);
call    0 returned 100%
        -:  184:	}	
        -:  185:
        -:  186:
        -:  187:	//check discard pile after
        1:  188:	if (discardCount < G.discardCount[currPlayer]) {
branch  0 taken 100% (fallthrough)
branch  1 taken 0%
        1:  189:		printf("PASSED: discard count increased to: %d\n\n", G.discardCount[currPlayer]);
call    0 returned 100%
        1:  190:		discardCount = G.discardCount[currPlayer]; //updating for next tests
        -:  191:	}
        -:  192:	else {
    #####:  193:		printf("FAILED: discard count did not increase\n\n");
call    0 never executed
        -:  194:	}
        -:  195:	//check hand pile after
        1:  196:	if (cardsInHand < G.handCount[currPlayer]) {
branch  0 taken 0% (fallthrough)
branch  1 taken 100%
    #####:  197:		printf("FAILED: hand count increased to: %d\n\n", G.handCount[currPlayer]);
call    0 never executed
        -:  198:	}
        -:  199:	else {
        1:  200:		printf("PASSED: hand count did not increase\n\n");
call    0 returned 100%
        -:  201:	}
        -:  202:	//check deck pile after
        1:  203:	if (deckCount < G.deckCount[currPlayer]) {
branch  0 taken 0% (fallthrough)
branch  1 taken 100%
    #####:  204:		printf("FAILED: deck count increased to: %d\n\n", G.deckCount[currPlayer]);
call    0 never executed
        -:  205:	}
        -:  206:	else {
        1:  207:		printf("PASSED: deck count did not increase\n\n");
call    0 returned 100%
        -:  208:	}
        -:  209:
        -:  210:	//check supply of cards
        1:  211:	supplyCheck(cardSupply, cardChosen, &G);
call    0 returned 100%
        -:  212:
        -:  213:
        -:  214:
        -:  215:
        -:  216:	/*********************************************
        -:  217:	//function should catch empty supply of card error
        -:  218:	*********************************************/
        1:  219:	printf("--Testing supplyCount Error Catching \n\n");
call    0 returned 100%
        1:  220:	G.supplyCount[1] = 0;
        1:  221:	funcReturn[0] = gainCard(cardChosen[1], &G, toFlag[1], currPlayer);
call    0 returned 100%
        1:  222:	funcReturn[1] = gainCard(15, &G, toFlag[1], currPlayer);
call    0 returned 100%
        -:  223:
        -:  224:	//empty card supply
        1:  225:	if (funcReturn[0] == -1) {
branch  0 taken 100% (fallthrough)
branch  1 taken 0%
        1:  226:		printf("PASSED: function caught empty card supply error\n\n");
call    0 returned 100%
        -:  227:	}
        -:  228:	else {
    #####:  229:		printf("FAILED: function did not catch empty card supply error\n\n");
call    0 never executed
        -:  230:	}
        -:  231:
        -:  232:	//card not used in game
        1:  233:	if (funcReturn[1] == -1) {
branch  0 taken 100% (fallthrough)
branch  1 taken 0%
        1:  234:		printf("PASSED: function caught unused card in game error\n\n");
call    0 returned 100%
        -:  235:	}
        -:  236:	else {
    #####:  237:		printf("FAILED: function did not catch unused card in game error\n\n");
call    0 never executed
        -:  238:	}
        -:  239:
        -:  240:
        1:  241:	printf("\n\n");
call    0 returned 100%
        1:  242:	return 0;
        -:  243:}
        -:  244:
        -:  245:
        -:  246:
        -:  247://checks supply of cards after gainCards function runs
function supplyCheck called 4 returned 100% blocks executed 89%
        4:  248:void supplyCheck(int cardSupply[], int cardChosen[], struct gameState *G)
        -:  249:{
        -:  250:	int i;
        -:  251:
        -:  252:	//check supplyCount of card after
       24:  253:	for (i = 0; i < 5; i++) {
branch  0 taken 83%
branch  1 taken 17% (fallthrough)
       20:  254:		if (cardSupply[i] > supplyCount(cardChosen[i], G)) {
call    0 returned 100%
branch  1 taken 100% (fallthrough)
branch  2 taken 0%
       20:  255:			printf("PASSED: supply of %d card has lowered from %d to %d\n\n", cardChosen[i], cardSupply[i], supplyCount(cardChosen[i], G));
call    0 returned 100%
call    1 returned 100%
        -:  256:		}
        -:  257:		else {
    #####:  258:			printf("FAILED: supply of %d cards did not lower. \n\n", cardChosen[i]);
call    0 never executed
        -:  259:		}
        -:  260:	}
        4:  261:}
