        -:    0:Source:unittest3.c
        -:    0:Graph:unittest3.gcno
        -:    0:Data:unittest3.gcda
        -:    0:Runs:1
        -:    0:Programs:1
        -:    1:/************************************************
        -:    2: * Name: Molly Arwood
        -:    3: * Date: 10-11-17
        -:    4: * Class: CS_362_SE2
        -:    5: * unittest3.c - whoseTurn Test
        -:    6:************************************************/
        -:    7:
        -:    8:
        -:    9:#include "dominion.h"
        -:   10:#include "dominion_helpers.h"
        -:   11:#include <string.h>
        -:   12:#include <stdio.h>
        -:   13:#include <assert.h>
        -:   14:#include "rngs.h"
        -:   15:#include <stdlib.h>
        -:   16:#include <time.h>
        -:   17:
        -:   18://constants and prototypes
        -:   19:void checkState(int stateReturned);
        -:   20:
        -:   21:
function main called 1 returned 100% blocks executed 88%
        1:   22:int main() {
        -:   23:
        -:   24:	/*********************************************
        -:   25:	//Initial Setup
        -:   26:	*********************************************/
        -:   27:	struct gameState G;
        1:   28:	srand(time(NULL));
call    0 returned 100%
call    1 returned 100%
        1:   29:	int r = rand() % 100000000;
call    0 returned 100%
        1:   30:	int numPlayers = 2;
        1:   31:	int i = 0;
        1:   32:	int k[10] = {adventurer, great_hall, council_room, village, minion, mine, 
        -:   33:		   		cutpurse, sea_hag, treasure_map, smithy};
        -:   34:
        -:   35:	//initialize game
        1:   36:	initializeGame(numPlayers, k, r, &G);
call    0 returned 100%
        1:   37:	printf("\n\n-------------Testing whoseTurn --------------\n\n");
call    0 returned 100%
        -:   38:
        -:   39:
        -:   40:	/*********************************************
        -:   41:	//Testing
        -:   42:	*********************************************/
        1:   43:	int errFlag = 0;
        -:   44:
       11:   45:	for (i = 0; i < 10; i++) {
branch  0 taken 91%
branch  1 taken 9% (fallthrough)
        -:   46:
       10:   47:		G.whoseTurn = i;
        -:   48:
       10:   49:		if (whoseTurn(&G) != i) {
call    0 returned 100%
branch  1 taken 0% (fallthrough)
branch  2 taken 100%
    #####:   50:			errFlag = 1;
        -:   51:		}
        -:   52:	}
        -:   53:
        1:   54:	if (!errFlag) {
branch  0 taken 100% (fallthrough)
branch  1 taken 0%
        1:   55:		printf("PASSED: Correct players returned during testing\n\n");
call    0 returned 100%
        -:   56:	}
        -:   57:	else {
    #####:   58:		printf("FAILED: Incorrect players returned during testing\n\n");
call    0 never executed
        -:   59:	}
        -:   60:
        -:   61:
        -:   62:
        1:   63:	printf("\n\n");
call    0 returned 100%
        1:   64:	return 0;
        -:   65:
        -:   66:
        -:   67:}
